build/app/outputs/mapping/release/mapping.txt
# compiler: R8
# compiler_version: 1.5.69
# min_api: 21
# pg_map_id: ebefcfa
com.example.huna.MainActivity -> com.example.huna.MainActivity:
    void configureFlutterEngine(io.flutter.embedding.engine.FlutterEngine) -> b
...
com.squareup.okhttp.internal.http.StatusLine -> b.c.a.g.a.a:
    com.squareup.okhttp.Protocol protocol -> a
    int code -> b
    java.lang.String message -> c
    com.squareup.okhttp.internal.http.StatusLine parse(java.lang.String) -> a
io.flutter.FlutterInjector -> c.a.a:
    io.flutter.embedding.engine.loader.FlutterLoader flutterLoader -> b
    boolean shouldLoadNative -> a
    io.flutter.FlutterInjector instance -> c
    io.flutter.embedding.engine.loader.FlutterLoader flutterLoader() -> a
    boolean shouldLoadNative() -> b
    io.flutter.FlutterInjector instance() -> c
io.flutter.FlutterInjector$1 -> c.a.a$a:
io.flutter.FlutterInjector$Builder -> c.a.a$b:
    io.flutter.embedding.engine.loader.FlutterLoader flutterLoader -> b
    boolean shouldLoadNative -> a
    io.flutter.FlutterInjector build() -> a
    void fillDefaults() -> b
io.flutter.Log -> c.a.b:
    void d(java.lang.String,java.lang.String) -> a
    void e(java.lang.String,java.lang.String,java.lang.Throwable) -> a
    void e(java.lang.String,java.lang.String) -> b
    void v(java.lang.String,java.lang.String) -> c
    void w(java.lang.String,java.lang.String) -> d
io.flutter.app.FlutterPluginRegistry -> io.flutter.app.a:
    java.util.List mUserLeaveHintListeners -> f
    java.util.List mNewIntentListeners -> e
    java.util.List mActivityResultListeners -> d
    java.util.List mRequestPermissionsResultListeners -> c
    java.util.List mViewDestroyListeners -> g
    io.flutter.plugin.platform.PlatformViewsController mPlatformViewsController -> b
    boolean onActivityResult(int,int,android.content.Intent) -> a
    boolean onNewIntent(android.content.Intent) -> a
    void onUserLeaveHint() -> a
    io.flutter.plugin.platform.PlatformViewsController getPlatformViewsController() -> b
    void onPreEngineRestart() -> c
io.flutter.embedding.android.AndroidKeyProcessor -> io.flutter.embedding.android.a:
    long eventIdSerial -> e
    io.flutter.embedding.engine.systemchannels.KeyEventChannel keyEventChannel -> a
    io.flutter.embedding.android.AndroidKeyProcessor$EventResponder eventResponder -> d
    int combiningCharacter -> c
    io.flutter.plugin.editing.TextInputPlugin textInputPlugin -> b
    java.lang.Character applyCombiningCharacterToBaseCharacter(int) -> a
    void destroy() -> a
    boolean onKeyDown(android.view.KeyEvent) -> a
    boolean onKeyUp(android.view.KeyEvent) -> b
io.flutter.embedding.android.AndroidKeyProcessor$EventResponder -> io.flutter.embedding.android.a$a:
    java.util.Deque pendingEvents -> a
    android.view.View view -> b
    boolean dispatchingKeyEvent -> c
    void addEvent(long,android.view.KeyEvent) -> a
    void dispatchKeyEvent(android.view.KeyEvent) -> a
    void onKeyEventNotHandled(long) -> a
    void onKeyEventHandled(long) -> b
    android.view.KeyEvent removePendingEvent(long) -> c
io.flutter.embedding.android.AndroidTouchProcessor -> io.flutter.embedding.android.b:
    io.flutter.embedding.android.MotionEventTracker motionEventTracker -> b
    io.flutter.embedding.engine.renderer.FlutterRenderer renderer -> a
    android.graphics.Matrix IDENTITY_TRANSFORM -> d
    boolean trackMotionEvents -> c
    void addPointerForIndex(android.view.MotionEvent,int,int,int,android.graphics.Matrix,java.nio.ByteBuffer) -> a
    int getPointerChangeForAction(int) -> a
    boolean onGenericMotionEvent(android.view.MotionEvent) -> a
    boolean onTouchEvent(android.view.MotionEvent,android.graphics.Matrix) -> a
    int getPointerDeviceTypeForToolType(int) -> b
    boolean onTouchEvent(android.view.MotionEvent) -> b